e:\users\bilal\documents\github\resolutionsystemlineaire\c++\solvelu\solvelu\debug\solvelu.pch
e:\users\bilal\documents\github\resolutionsystemlineaire\c++\solvelu\solvelu\debug\vc140.pdb
e:\users\bilal\documents\github\resolutionsystemlineaire\c++\solvelu\solvelu\debug\vc140.idb
e:\users\bilal\documents\github\resolutionsystemlineaire\c++\solvelu\solvelu\debug\stdafx.obj
e:\users\bilal\documents\github\resolutionsystemlineaire\c++\solvelu\solvelu\debug\solvelu.obj
e:\users\bilal\documents\github\resolutionsystemlineaire\c++\solvelu\solvelu\debug\matrix.obj
e:\users\bilal\documents\github\resolutionsystemlineaire\c++\solvelu\debug\solvelu.ilk
e:\users\bilal\documents\github\resolutionsystemlineaire\c++\solvelu\debug\solvelu.exe
e:\users\bilal\documents\github\resolutionsystemlineaire\c++\solvelu\debug\solvelu.pdb
e:\users\bilal\documents\github\resolutionsystemlineaire\cpp\solvelu\solvelu\debug\matrix.obj
e:\users\bilal\documents\github\resolutionsystemlineaire\cpp\solvelu\solvelu\debug\solvelu.obj
e:\users\bilal\documents\github\resolutionsystemlineaire\cpp\solvelu\solvelu\debug\stdafx.obj
e:\users\bilal\documents\github\resolutionsystemlineaire\cpp\solvelu\solvelu\debug\matrix.obj.enc
e:\users\bilal\documents\github\resolutionsystemlineaire\cpp\solvelu\solvelu\debug\solvelu.obj.enc
e:\users\bilal\documents\github\resolutionsystemlineaire\cpp\solvelu\solvelu\debug\solvelu.pch
e:\users\bilal\documents\github\resolutionsystemlineaire\cpp\solvelu\solvelu\debug\vc140.idb
e:\users\bilal\documents\github\resolutionsystemlineaire\cpp\solvelu\solvelu\debug\vc140.pdb
e:\users\bilal\documents\github\resolutionsystemlineaire\cpp\solvelu\debug\solvelu.pdb
e:\users\bilal\documents\github\resolutionsystemlineaire\cpp\solvelu\debug\solvelu.exe
e:\users\bilal\documents\github\resolutionsystemlineaire\cpp\solvelu\debug\solvelu.ilk
e:\users\bilal\documents\github\resolutionsystemlineaire\cpp\solvelu\solvelu\debug\solvelu.tlog\cl.command.1.tlog
e:\users\bilal\documents\github\resolutionsystemlineaire\cpp\solvelu\solvelu\debug\solvelu.tlog\cl.read.1.tlog
e:\users\bilal\documents\github\resolutionsystemlineaire\cpp\solvelu\solvelu\debug\solvelu.tlog\cl.write.1.tlog
e:\users\bilal\documents\github\resolutionsystemlineaire\cpp\solvelu\solvelu\debug\solvelu.tlog\link.command.1.tlog
e:\users\bilal\documents\github\resolutionsystemlineaire\cpp\solvelu\solvelu\debug\solvelu.tlog\link.read.1.tlog
e:\users\bilal\documents\github\resolutionsystemlineaire\cpp\solvelu\solvelu\debug\solvelu.tlog\link.write.1.tlog
